<?xml version="1.0" encoding="UTF-8"?>
<!-- Generated by org.testng.reporters.JUnitXMLReporter -->
<testsuite ignored="1" hostname="LAPTOP-GHB7UQ2V" failures="0" tests="1" name="Default test" time="22.877" errors="0" timestamp="2026-08-25T00:06:50 IST">
  <testcase classname="com.comcast.crm.vendortest.CreateVendorTest" name="createPurchaseOrderWithVendorTest" time="17.88"/>
  <testcase classname="com.comcast.crm.vendortest.CreateVendorTest" name="createVendorTest" time="0.0">
    <ignored/>
  </testcase> <!-- createVendorTest -->
</testsuite> <!-- Default test -->
