<?xml version="1.0" encoding="UTF-8"?>
<!-- Generated by org.testng.reporters.JUnitXMLReporter -->
<testsuite ignored="2" hostname="LAPTOP-GHB7UQ2V" failures="0" tests="1" name="Test" time="20.272" errors="0" timestamp="2026-08-21T12:24:20 IST">
  <testcase classname="com.comcast.crm.orgtest.CreateOrganizationTest" name="createOrganizationTest" time="6.218"/>
  <testcase classname="com.comcast.crm.orgtest.CreateOrganizationTest" name="createOrganizationWithIndustryTest" time="0.0">
    <ignored/>
  </testcase> <!-- createOrganizationWithIndustryTest -->
  <testcase classname="com.comcast.crm.orgtest.CreateOrganizationTest" name="createOrganizationWithPhoneNumberTest" time="0.0">
    <ignored/>
  </testcase> <!-- createOrganizationWithPhoneNumberTest -->
</testsuite> <!-- Test -->
