<?xml version="1.0" encoding="UTF-8"?>
<!-- Generated by org.testng.reporters.JUnitReportReporter -->
<testsuite hostname="LAPTOP-GHB7UQ2V" failures="0" tests="3" name="com.comcast.crm.orgtest.CreateOrganizationTest" time="23.738" errors="0" timestamp="2026-08-28T11:05:43 IST" skipped="0">
  <testcase classname="com.comcast.crm.orgtest.CreateOrganizationTest" name="createOrganizationWithIndustryTest" time="7.144"/>
  <testcase classname="com.comcast.crm.orgtest.CreateOrganizationTest" name="createOrganizationWithPhoneNumberTest" time="6.761"/>
  <testcase classname="com.comcast.crm.orgtest.CreateOrganizationTest" name="createOrganizationTest" time="9.833"/>
</testsuite> <!-- com.comcast.crm.orgtest.CreateOrganizationTest -->
