<?xml version="1.0" encoding="UTF-8"?>
<!-- Generated by org.testng.reporters.JUnitReportReporter -->
<testsuite hostname="LAPTOP-GHB7UQ2V" failures="0" tests="3" name="com.comcast.crm.contacttest.CreateContactTest" time="29.944" errors="0" timestamp="2026-08-22T13:35:26 IST" skipped="0">
  <testcase classname="com.comcast.crm.contacttest.CreateContactTest" name="createContactTest" time="10.698"/>
  <testcase classname="com.comcast.crm.contacttest.CreateContactTest" name="createContactWithOrgTest" time="13.373"/>
  <testcase classname="com.comcast.crm.contacttest.CreateContactTest" name="createContactWithSupportDateTest" time="5.873"/>
</testsuite> <!-- com.comcast.crm.contacttest.CreateContactTest -->
