<?xml version="1.0" encoding="UTF-8"?>
<!-- Generated by org.testng.reporters.JUnitReportReporter -->
<testsuite hostname="LAPTOP-GHB7UQ2V" failures="0" tests="3" name="practice.test.GetProductInfoTest" time="47.760" errors="0" timestamp="2026-08-19T16:47:57 IST" skipped="0">
  <testcase classname="practice.test.GetProductInfoTest" name="getProductInfoTest" time="15.504"/>
  <testcase classname="practice.test.GetProductInfoTest" name="getProductInfoTest" time="16.648"/>
  <testcase classname="practice.test.GetProductInfoTest" name="getProductInfoTest" time="15.608"/>
</testsuite> <!-- practice.test.GetProductInfoTest -->
