<?xml version="1.0" encoding="UTF-8"?>
<!-- Generated by org.testng.reporters.JUnitReportReporter -->
<testsuite hostname="LAPTOP-GHB7UQ2V" failures="0" tests="3" name="com.comcast.crm.orgtest.CreateOrganizationTest" time="23.990" errors="0" timestamp="2026-08-23T21:50:34 IST" skipped="0">
  <testcase classname="com.comcast.crm.orgtest.CreateOrganizationTest" name="createOrganizationWithPhoneNumberTest" time="6.941"/>
  <testcase classname="com.comcast.crm.orgtest.CreateOrganizationTest" name="createOrganizationWithIndustryTest" time="8.343"/>
  <testcase classname="com.comcast.crm.orgtest.CreateOrganizationTest" name="createOrganizationTest" time="8.706"/>
</testsuite> <!-- com.comcast.crm.orgtest.CreateOrganizationTest -->
