<?xml version="1.0" encoding="UTF-8"?>
<!-- Generated by org.testng.reporters.JUnitReportReporter -->
<testsuite hostname="LAPTOP-GHB7UQ2V" failures="0" tests="3" name="com.comcast.crm.contacttest.CreateContactTest" time="23.811" errors="0" timestamp="2026-09-13T14:21:48 IST" skipped="0">
  <testcase classname="com.comcast.crm.contacttest.CreateContactTest" name="createContactTest" time="6.900"/>
  <testcase classname="com.comcast.crm.contacttest.CreateContactTest" name="createContactWithOrgTest" time="10.768"/>
  <testcase classname="com.comcast.crm.contacttest.CreateContactTest" name="createContactWithSupportDateTest" time="6.143"/>
</testsuite> <!-- com.comcast.crm.contacttest.CreateContactTest -->
