<?xml version="1.0" encoding="UTF-8"?>
<testng-results ignored="0" total="1" passed="1" failed="0" skipped="0">
  <reporter-output>
  </reporter-output>
  <suite started-at="2026-08-25T00:06:27 IST" name="Default suite" finished-at="2026-08-25T00:06:50 IST" duration-ms="22877">
    <groups>
    </groups>
    <test started-at="2026-08-25T00:06:27 IST" name="Default test" finished-at="2026-08-25T00:06:50 IST" duration-ms="22877">
      <class name="com.comcast.crm.vendortest.CreateVendorTest">
        <test-method is-config="true" signature="configBS()[pri:0, instance:com.comcast.crm.vendortest.CreateVendorTest@3b69e7d1]" started-at="2026-08-25T00:06:26 IST" name="configBS" finished-at="2026-08-25T00:06:27 IST" duration-ms="446" status="PASS">
          <reporter-output>
          </reporter-output>
        </test-method> <!-- configBS -->
        <test-method is-config="true" signature="configBC()[pri:0, instance:com.comcast.crm.vendortest.CreateVendorTest@3b69e7d1]" started-at="2026-08-25T00:06:27 IST" name="configBC" finished-at="2026-08-25T00:06:29 IST" duration-ms="2545" status="PASS">
          <reporter-output>
          </reporter-output>
        </test-method> <!-- configBC -->
        <test-method is-config="true" signature="configBM()[pri:0, instance:com.comcast.crm.vendortest.CreateVendorTest@3b69e7d1]" started-at="2026-08-25T00:06:29 IST" name="configBM" finished-at="2026-08-25T00:06:30 IST" duration-ms="866" status="PASS">
          <reporter-output>
          </reporter-output>
        </test-method> <!-- configBM -->
        <test-method signature="createPurchaseOrderWithVendorTest()[pri:0, instance:com.comcast.crm.vendortest.CreateVendorTest@3b69e7d1]" started-at="2026-08-25T00:06:30 IST" name="createPurchaseOrderWithVendorTest" finished-at="2026-08-25T00:06:48 IST" duration-ms="17880" status="PASS">
          <reporter-output>
          </reporter-output>
        </test-method> <!-- createPurchaseOrderWithVendorTest -->
        <test-method is-config="true" signature="configAM()[pri:0, instance:com.comcast.crm.vendortest.CreateVendorTest@3b69e7d1]" started-at="2026-08-25T00:06:48 IST" name="configAM" finished-at="2026-08-25T00:06:49 IST" duration-ms="997" status="PASS">
          <reporter-output>
          </reporter-output>
        </test-method> <!-- configAM -->
        <test-method is-config="true" signature="configAC()[pri:0, instance:com.comcast.crm.vendortest.CreateVendorTest@3b69e7d1]" started-at="2026-08-25T00:06:49 IST" name="configAC" finished-at="2026-08-25T00:06:50 IST" duration-ms="499" status="PASS">
          <reporter-output>
          </reporter-output>
        </test-method> <!-- configAC -->
        <test-method is-config="true" signature="configAS()[pri:0, instance:com.comcast.crm.vendortest.CreateVendorTest@3b69e7d1]" started-at="2026-08-25T00:06:50 IST" name="configAS" finished-at="2026-08-25T00:06:50 IST" duration-ms="8" status="PASS">
          <reporter-output>
          </reporter-output>
        </test-method> <!-- configAS -->
      </class> <!-- com.comcast.crm.vendortest.CreateVendorTest -->
    </test> <!-- Default test -->
  </suite> <!-- Default suite -->
</testng-results>
