<?xml version="1.0" encoding="UTF-8"?>
<testng-results ignored="0" total="6" passed="6" failed="0" skipped="0">
  <reporter-output>
  </reporter-output>
  <suite started-at="2026-09-13T14:20:55 IST" name="Suite" finished-at="2026-09-13T14:21:47 IST" duration-ms="52178">
    <groups>
      <group name="regressionTest">
        <method signature="CreateContactTest.createContactWithOrgTest()[pri:0, instance:com.comcast.crm.contacttest.CreateContactTest@dd05255]" name="createContactWithOrgTest" class="com.comcast.crm.contacttest.CreateContactTest"/>
        <method signature="CreateContactTest.createContactWithSupportDateTest()[pri:0, instance:com.comcast.crm.contacttest.CreateContactTest@dd05255]" name="createContactWithSupportDateTest" class="com.comcast.crm.contacttest.CreateContactTest"/>
        <method signature="CreateOrganizationTest.createOrganizationWithIndustryTest()[pri:0, instance:com.comcast.crm.orgtest.CreateOrganizationTest@5aa9e4eb]" name="createOrganizationWithIndustryTest" class="com.comcast.crm.orgtest.CreateOrganizationTest"/>
        <method signature="CreateOrganizationTest.createOrganizationWithPhoneNumberTest()[pri:0, instance:com.comcast.crm.orgtest.CreateOrganizationTest@5aa9e4eb]" name="createOrganizationWithPhoneNumberTest" class="com.comcast.crm.orgtest.CreateOrganizationTest"/>
      </group> <!-- regressionTest -->
      <group name="smokeTest">
        <method signature="CreateContactTest.createContactTest()[pri:0, instance:com.comcast.crm.contacttest.CreateContactTest@dd05255]" name="createContactTest" class="com.comcast.crm.contacttest.CreateContactTest"/>
        <method signature="CreateOrganizationTest.createOrganizationTest()[pri:0, instance:com.comcast.crm.orgtest.CreateOrganizationTest@5aa9e4eb]" name="createOrganizationTest" class="com.comcast.crm.orgtest.CreateOrganizationTest"/>
      </group> <!-- smokeTest -->
    </groups>
    <test started-at="2026-09-13T14:20:55 IST" name="Test" finished-at="2026-09-13T14:21:47 IST" duration-ms="52178">
      <class name="com.comcast.crm.orgtest.CreateOrganizationTest">
        <test-method is-config="true" signature="configBC()[pri:0, instance:com.comcast.crm.orgtest.CreateOrganizationTest@5aa9e4eb]" started-at="2026-09-13T14:21:27 IST" name="configBC" finished-at="2026-09-13T14:21:28 IST" duration-ms="1176" status="PASS">
          <reporter-output>
          </reporter-output>
        </test-method> <!-- configBC -->
        <test-method is-config="true" signature="configBM()[pri:0, instance:com.comcast.crm.orgtest.CreateOrganizationTest@5aa9e4eb]" started-at="2026-09-13T14:21:28 IST" name="configBM" finished-at="2026-09-13T14:21:29 IST" duration-ms="580" status="PASS">
          <reporter-output>
          </reporter-output>
        </test-method> <!-- configBM -->
        <test-method signature="createOrganizationTest()[pri:0, instance:com.comcast.crm.orgtest.CreateOrganizationTest@5aa9e4eb]" started-at="2026-09-13T14:21:29 IST" name="createOrganizationTest" finished-at="2026-09-13T14:21:33 IST" duration-ms="4784" status="PASS">
          <reporter-output>
          </reporter-output>
        </test-method> <!-- createOrganizationTest -->
        <test-method is-config="true" signature="configAM()[pri:0, instance:com.comcast.crm.orgtest.CreateOrganizationTest@5aa9e4eb]" started-at="2026-09-13T14:21:33 IST" name="configAM" finished-at="2026-09-13T14:21:34 IST" duration-ms="849" status="PASS">
          <reporter-output>
          </reporter-output>
        </test-method> <!-- configAM -->
        <test-method is-config="true" signature="configBM()[pri:0, instance:com.comcast.crm.orgtest.CreateOrganizationTest@5aa9e4eb]" started-at="2026-09-13T14:21:34 IST" name="configBM" finished-at="2026-09-13T14:21:36 IST" duration-ms="1525" status="PASS">
          <reporter-output>
          </reporter-output>
        </test-method> <!-- configBM -->
        <test-method signature="createOrganizationWithIndustryTest()[pri:0, instance:com.comcast.crm.orgtest.CreateOrganizationTest@5aa9e4eb]" started-at="2026-09-13T14:21:36 IST" name="createOrganizationWithIndustryTest" finished-at="2026-09-13T14:21:40 IST" duration-ms="4402" status="PASS">
          <reporter-output>
          </reporter-output>
        </test-method> <!-- createOrganizationWithIndustryTest -->
        <test-method is-config="true" signature="configAM()[pri:0, instance:com.comcast.crm.orgtest.CreateOrganizationTest@5aa9e4eb]" started-at="2026-09-13T14:21:40 IST" name="configAM" finished-at="2026-09-13T14:21:41 IST" duration-ms="987" status="PASS">
          <reporter-output>
          </reporter-output>
        </test-method> <!-- configAM -->
        <test-method is-config="true" signature="configBM()[pri:0, instance:com.comcast.crm.orgtest.CreateOrganizationTest@5aa9e4eb]" started-at="2026-09-13T14:21:41 IST" name="configBM" finished-at="2026-09-13T14:21:42 IST" duration-ms="1374" status="PASS">
          <reporter-output>
          </reporter-output>
        </test-method> <!-- configBM -->
        <test-method signature="createOrganizationWithPhoneNumberTest()[pri:0, instance:com.comcast.crm.orgtest.CreateOrganizationTest@5aa9e4eb]" started-at="2026-09-13T14:21:42 IST" name="createOrganizationWithPhoneNumberTest" finished-at="2026-09-13T14:21:46 IST" duration-ms="3304" status="PASS">
          <reporter-output>
          </reporter-output>
        </test-method> <!-- createOrganizationWithPhoneNumberTest -->
        <test-method is-config="true" signature="configAM()[pri:0, instance:com.comcast.crm.orgtest.CreateOrganizationTest@5aa9e4eb]" started-at="2026-09-13T14:21:46 IST" name="configAM" finished-at="2026-09-13T14:21:47 IST" duration-ms="886" status="PASS">
          <reporter-output>
          </reporter-output>
        </test-method> <!-- configAM -->
        <test-method is-config="true" signature="configAC()[pri:0, instance:com.comcast.crm.orgtest.CreateOrganizationTest@5aa9e4eb]" started-at="2026-09-13T14:21:47 IST" name="configAC" finished-at="2026-09-13T14:21:47 IST" duration-ms="410" status="PASS">
          <reporter-output>
          </reporter-output>
        </test-method> <!-- configAC -->
      </class> <!-- com.comcast.crm.orgtest.CreateOrganizationTest -->
      <class name="com.comcast.crm.contacttest.CreateContactTest">
        <test-method is-config="true" signature="configBS()[pri:0, instance:com.comcast.crm.contacttest.CreateContactTest@dd05255]" started-at="2026-09-13T14:20:50 IST" name="configBS" finished-at="2026-09-13T14:20:55 IST" duration-ms="5153" status="PASS">
          <reporter-output>
          </reporter-output>
        </test-method> <!-- configBS -->
        <test-method is-config="true" signature="configBC()[pri:0, instance:com.comcast.crm.contacttest.CreateContactTest@dd05255]" started-at="2026-09-13T14:20:55 IST" name="configBC" finished-at="2026-09-13T14:21:02 IST" duration-ms="7578" status="PASS">
          <reporter-output>
          </reporter-output>
        </test-method> <!-- configBC -->
        <test-method is-config="true" signature="configBM()[pri:0, instance:com.comcast.crm.contacttest.CreateContactTest@dd05255]" started-at="2026-09-13T14:21:03 IST" name="configBM" finished-at="2026-09-13T14:21:03 IST" duration-ms="658" status="PASS">
          <reporter-output>
          </reporter-output>
        </test-method> <!-- configBM -->
        <test-method signature="createContactTest()[pri:0, instance:com.comcast.crm.contacttest.CreateContactTest@dd05255]" started-at="2026-09-13T14:21:03 IST" name="createContactTest" finished-at="2026-09-13T14:21:09 IST" duration-ms="5372" status="PASS">
          <reporter-output>
          </reporter-output>
        </test-method> <!-- createContactTest -->
        <test-method is-config="true" signature="configAM()[pri:0, instance:com.comcast.crm.contacttest.CreateContactTest@dd05255]" started-at="2026-09-13T14:21:09 IST" name="configAM" finished-at="2026-09-13T14:21:09 IST" duration-ms="870" status="PASS">
          <reporter-output>
          </reporter-output>
        </test-method> <!-- configAM -->
        <test-method is-config="true" signature="configBM()[pri:0, instance:com.comcast.crm.contacttest.CreateContactTest@dd05255]" started-at="2026-09-13T14:21:09 IST" name="configBM" finished-at="2026-09-13T14:21:11 IST" duration-ms="1312" status="PASS">
          <reporter-output>
          </reporter-output>
        </test-method> <!-- configBM -->
        <test-method signature="createContactWithOrgTest()[pri:0, instance:com.comcast.crm.contacttest.CreateContactTest@dd05255]" started-at="2026-09-13T14:21:11 IST" name="createContactWithOrgTest" finished-at="2026-09-13T14:21:19 IST" duration-ms="8448" status="PASS">
          <reporter-output>
          </reporter-output>
        </test-method> <!-- createContactWithOrgTest -->
        <test-method is-config="true" signature="configAM()[pri:0, instance:com.comcast.crm.contacttest.CreateContactTest@dd05255]" started-at="2026-09-13T14:21:19 IST" name="configAM" finished-at="2026-09-13T14:21:20 IST" duration-ms="823" status="PASS">
          <reporter-output>
          </reporter-output>
        </test-method> <!-- configAM -->
        <test-method is-config="true" signature="configBM()[pri:0, instance:com.comcast.crm.contacttest.CreateContactTest@dd05255]" started-at="2026-09-13T14:21:20 IST" name="configBM" finished-at="2026-09-13T14:21:22 IST" duration-ms="1497" status="PASS">
          <reporter-output>
          </reporter-output>
        </test-method> <!-- configBM -->
        <test-method signature="createContactWithSupportDateTest()[pri:0, instance:com.comcast.crm.contacttest.CreateContactTest@dd05255]" started-at="2026-09-13T14:21:22 IST" name="createContactWithSupportDateTest" finished-at="2026-09-13T14:21:25 IST" duration-ms="3939" status="PASS">
          <reporter-output>
          </reporter-output>
        </test-method> <!-- createContactWithSupportDateTest -->
        <test-method is-config="true" signature="configAM()[pri:0, instance:com.comcast.crm.contacttest.CreateContactTest@dd05255]" started-at="2026-09-13T14:21:25 IST" name="configAM" finished-at="2026-09-13T14:21:26 IST" duration-ms="892" status="PASS">
          <reporter-output>
          </reporter-output>
        </test-method> <!-- configAM -->
        <test-method is-config="true" signature="configAC()[pri:0, instance:com.comcast.crm.contacttest.CreateContactTest@dd05255]" started-at="2026-09-13T14:21:26 IST" name="configAC" finished-at="2026-09-13T14:21:27 IST" duration-ms="377" status="PASS">
          <reporter-output>
          </reporter-output>
        </test-method> <!-- configAC -->
        <test-method is-config="true" signature="configAS()[pri:0, instance:com.comcast.crm.contacttest.CreateContactTest@dd05255]" started-at="2026-09-13T14:21:47 IST" name="configAS" finished-at="2026-09-13T14:21:47 IST" duration-ms="8" status="PASS">
          <reporter-output>
          </reporter-output>
        </test-method> <!-- configAS -->
      </class> <!-- com.comcast.crm.contacttest.CreateContactTest -->
    </test> <!-- Test -->
  </suite> <!-- Suite -->
</testng-results>
